<?xml version="1.0" encoding="UTF-8"?>
<testsuite xmlns:xsi="http://www.w3.org/2001/XMLSchema-instance" xsi:noNamespaceSchemaLocation="https://maven.apache.org/surefire/maven-surefire-plugin/xsd/surefire-test-report.xsd" name="com.example.demo.DuelTests.TestSpecificBehaviours" time="0.023" tests="36" errors="0" skipped="0" failures="0">
  <properties>
[...]
</properties>
  <testcase name="testKillingAllMinPointsCards" classname="com.example.demo.DuelTests.TestSpecificBehaviours" time="0"/>
  <testcase name="testCallingAllCardCopiesFromDeck" classname="com.example.demo.DuelTests.TestSpecificBehaviours" time="0"/>
  <testcase name="testBoostingEveryTurn" classname="com.example.demo.DuelTests.TestSpecificBehaviours" time="0"/>
  <testcase name="afterBasePowerEqualsZero_cardIsTotallyDestroyed" classname="com.example.demo.DuelTests.TestSpecificBehaviours" time="0"/>
  <testcase name="testBoostingWholeBoard" classname="com.example.demo.DuelTests.TestSpecificBehaviours" time="0"/>
  <testcase name="testUnlockingCard" classname="com.example.demo.DuelTests.TestSpecificBehaviours" time="0.001"/>
  <testcase name="testIncreasingBasePower" classname="com.example.demo.DuelTests.TestSpecificBehaviours" time="0.001"/>
  <testcase name="testEatingOwnCard" classname="com.example.demo.DuelTests.TestSpecificBehaviours" time="0"/>
  <testcase name="testDoublingCardPoints" classname="com.example.demo.DuelTests.TestSpecificBehaviours" time="0.001"/>
  <testcase name="testDecreasingBasePower" classname="com.example.demo.DuelTests.TestSpecificBehaviours" time="0"/>
  <testcase name="testCardResurrectionFromGraveyard" classname="com.example.demo.DuelTests.TestSpecificBehaviours" time="0.001"/>
  <testcase name="testLockingCard" classname="com.example.demo.DuelTests.TestSpecificBehaviours" time="0"/>
  <testcase name="testDamageDealtByNumberOfWeakenedCards" classname="com.example.demo.DuelTests.TestSpecificBehaviours" time="0"/>
  <testcase name="cardWithPointsBelowOneIsRemoved" classname="com.example.demo.DuelTests.TestSpecificBehaviours" time="0.001"/>
  <testcase name="testStrikingEnemyCard" classname="com.example.demo.DuelTests.TestSpecificBehaviours" time="0"/>
  <testcase name="testPlayingCopyOfCardOnBoardFromDeck" classname="com.example.demo.DuelTests.TestSpecificBehaviours" time="0.001"/>
  <testcase name="testMakingCopyOfCardInDeck" classname="com.example.demo.DuelTests.TestSpecificBehaviours" time="0.001"/>
  <testcase name="testClearingAllRowsStatus" classname="com.example.demo.DuelTests.TestSpecificBehaviours" time="0"/>
  <testcase name="dealDamageToCard_boostIfItDies" classname="com.example.demo.DuelTests.TestSpecificBehaviours" time="0"/>
  <testcase name="testPlyingCardFromDeck" classname="com.example.demo.DuelTests.TestSpecificBehaviours" time="0"/>
  <testcase name="testUsingStrikingSpell" classname="com.example.demo.DuelTests.TestSpecificBehaviours" time="0"/>
  <testcase name="testCardsTargeting" classname="com.example.demo.DuelTests.TestSpecificBehaviours" time="0.002"/>
  <testcase name="testDealingDamageEveryTwoTurns" classname="com.example.demo.DuelTests.TestSpecificBehaviours" time="0"/>
  <testcase name="testSpawningNewUnitsOnDeath" classname="com.example.demo.DuelTests.TestSpecificBehaviours" time="0.001"/>
  <testcase name="testBoostingSingleCard" classname="com.example.demo.DuelTests.TestSpecificBehaviours" time="0"/>
  <testcase name="testBoostingCardEveryTwoTurns" classname="com.example.demo.DuelTests.TestSpecificBehaviours" time="0.001"/>
  <testcase name="testTargetingGoldCard" classname="com.example.demo.DuelTests.TestSpecificBehaviours" time="0.001"/>
  <testcase name="testCallingCardFromDeckAfterTurns" classname="com.example.demo.DuelTests.TestSpecificBehaviours" time="0"/>
  <testcase name="testSpyThatDrawsCard" classname="com.example.demo.DuelTests.TestSpecificBehaviours" time="0.001"/>
  <testcase name="testDealingDamageToWholeRow" classname="com.example.demo.DuelTests.TestSpecificBehaviours" time="0"/>
  <testcase name="testBoostingByNumberOfCardsOnGraveyard" classname="com.example.demo.DuelTests.TestSpecificBehaviours" time="0"/>
  <testcase name="testBoostingSingleRow" classname="com.example.demo.DuelTests.TestSpecificBehaviours" time="0"/>
  <testcase name="testBurningOppositeRow" classname="com.example.demo.DuelTests.TestSpecificBehaviours" time="0"/>
  <testcase name="testBurningAllMaxPointsCards" classname="com.example.demo.DuelTests.TestSpecificBehaviours" time="0.001"/>
  <testcase name="lockedCards_dontTriggerOnDeathEffects" classname="com.example.demo.DuelTests.TestSpecificBehaviours" time="0"/>
  <testcase name="testRainRowStatus" classname="com.example.demo.DuelTests.TestSpecificBehaviours" time="0.001"/>
</testsuite>